2021-03-11 - 12:30:35 - 477 - root - INFO - Application Started
2021-03-11 - 12:30:54 - 500 - root - INFO - get_ckList_info() Started
2021-03-11 - 12:30:54 - 658 - root - INFO - Stig data results size: 580
2021-03-11 - 12:30:54 - 658 - root - INFO - Stig status results size: 580
2021-03-11 - 12:30:54 - 658 - root - INFO - Stig finding details results size: 580
2021-03-11 - 12:30:54 - 658 - root - INFO - Stig comments results size: 580
2021-03-11 - 12:30:54 - 668 - root - INFO - InputFile: final.ckl OutputFile: finalws3results.txt
2021-03-11 - 12:30:54 - 668 - root - INFO - Making CSV Started
2021-03-11 - 12:30:54 - 669 - root - INFO - Application is finished
2021-03-11 - 18:40:18 - 263 - root - INFO - Application Started
2021-03-11 - 18:40:37 - 523 - root - INFO - InputFile: final.ckl OutputFile: abc.text
2021-03-11 - 18:40:37 - 523 - root - INFO - get_ckList_info() Started
2021-03-11 - 18:40:37 - 722 - root - INFO - Stig data results size: 580
2021-03-11 - 18:40:37 - 722 - root - INFO - Stig status results size: 580
2021-03-11 - 18:40:37 - 723 - root - INFO - Stig finding details results size: 580
2021-03-11 - 18:40:37 - 723 - root - INFO - Stig comments results size: 580
2021-03-11 - 18:40:37 - 732 - root - INFO - Making CSV Started
2021-03-11 - 18:40:37 - 754 - root - INFO - Application is finished
2021-03-11 - 18:44:19 - 138 - root - INFO - Application Started
2021-03-11 - 18:44:25 - 120 - root - INFO - InputFile: final.xml OutputFile: a
2021-03-11 - 18:44:25 - 121 - root - INFO - get_ckList_info() Started
2021-03-11 - 18:44:25 - 121 - root - ERROR - [Errno 2] No such file or directory: 'final.xml'
2021-03-11 - 18:44:25 - 121 - root - INFO - Stig data results size: 0
2021-03-11 - 18:44:25 - 122 - root - INFO - Stig status results size: 0
2021-03-11 - 18:44:25 - 122 - root - INFO - Stig finding details results size: 0
2021-03-11 - 18:44:25 - 122 - root - INFO - Stig comments results size: 0
2021-03-11 - 18:44:25 - 122 - root - INFO - Making CSV Started
2021-03-11 - 18:44:25 - 123 - root - INFO - Application is finished
2021-03-11 - 18:45:15 - 953 - root - INFO - Application Started
2021-03-11 - 18:45:21 - 835 - root - INFO - InputFile: final.ckl OutputFile: a
2021-03-11 - 18:45:21 - 836 - root - INFO - get_ckList_info() Started
2021-03-11 - 18:45:21 - 996 - root - INFO - Stig data results size: 580
2021-03-11 - 18:45:21 - 996 - root - INFO - Stig status results size: 580
2021-03-11 - 18:45:21 - 996 - root - INFO - Stig finding details results size: 580
2021-03-11 - 18:45:21 - 996 - root - INFO - Stig comments results size: 580
2021-03-11 - 18:45:22 - 5 - root - INFO - Making CSV Started
2021-03-11 - 18:45:22 - 6 - root - INFO - Application is finished
